New log file opened at Wed Apr 15 19:51:29 GMT+08:00 2015 by 6112@karateboy-home
jvm 6112@karateboy-home
jvm vmName=Java HotSpot(TM) 64-Bit Server VM vmVendor=Oracle Corporation vmVersion=25.25-b02
jvm specName=Java Virtual Machine Specification specVendor=Oracle Corporation specVersion=1.8
jvm arguments: [-Xms256m, -Xmx1024m, -XX:MetaspaceSize=64m, -XX:MaxMetaspaceSize=256m]
Starting event engine
Starting sbt command engine
Waiting for sbt command engine
Command engine arguments=List()
Command engine baseDirectory=D:\webApp\AQM
Command engine initial remaining commands List(--initialize, onFailure load-failed, boot, server-send-ready-for-request, server-handle-next-server-request)
> --initialize
> initialize
> onFailure load-failed
> boot
> reload
[Loading] Scanning directory D:\webApp\AQM\project
[Loading] Found non-root projects 
[Loading] Done in D:\webApp\AQM\project, returning: ()
deducing auto plugins based on known facts Set(Atom(sbt.plugins.CorePlugin)) and clauses Clauses(List(Clause(Atom(sbt.plugins.JvmPlugin),Set(Atom(sbt.plugins.IvyPlugin))), Clause(Atom(sbt.plugins.JUnitXmlReportPlugin),Set(Atom(sbt.plugins.JvmPlugin))), Clause(Atom(sbt.plugins.CorePlugin),Set(Atom(sbt.plugins.IvyPlugin))), Clause(Atom(sbt.plugins.IvyPlugin),Set(Atom(sbt.plugins.JvmPlugin))), Clause(Atom(sbt.plugins.JvmPlugin),Set(Atom(sbt.plugins.JUnitXmlReportPlugin)))))
  :: deduced result: Matched(sbt.plugins.CorePlugin,sbt.plugins.IvyPlugin,sbt.plugins.JvmPlugin,sbt.plugins.JUnitXmlReportPlugin)
sorting: ns: List(sbt.plugins.CorePlugin, sbt.plugins.IvyPlugin, sbt.plugins.JvmPlugin, sbt.plugins.JUnitXmlReportPlugin)
  :: sorting:: found: List(sbt.plugins.CorePlugin) not found List(sbt.plugins.IvyPlugin, sbt.plugins.JvmPlugin, sbt.plugins.JUnitXmlReportPlugin)
  :: sorting:: found: List(sbt.plugins.CorePlugin, sbt.plugins.IvyPlugin) not found List(sbt.plugins.JvmPlugin, sbt.plugins.JUnitXmlReportPlugin)
  :: sorting:: found: List(sbt.plugins.CorePlugin, sbt.plugins.IvyPlugin, sbt.plugins.JvmPlugin) not found List(sbt.plugins.JUnitXmlReportPlugin)
  :: sorting:: found: List(sbt.plugins.CorePlugin, sbt.plugins.IvyPlugin, sbt.plugins.JvmPlugin, sbt.plugins.JUnitXmlReportPlugin) not found List()
  :: sorted deduced result: List(sbt.plugins.CorePlugin, sbt.plugins.IvyPlugin, sbt.plugins.JvmPlugin, sbt.plugins.JUnitXmlReportPlugin)
[Loading] Done in D:\webApp\AQM\project, returning: (aqm-build)
Loading project definition from D:\webApp\AQM\project
Running task... Cancel: sbt.TaskCancellationStrategy$Null$@59b3ab7c, check cycles: false

Initial source changes: 
	removed:Set()
	added: Set()
	modified: Set()
Removed products: Set()
External API changes: API Changes: Set()
Modified binary dependencies: Set()
Initial directly invalidated sources: Set()

Sources indirectly invalidated by:
	product: Set()
	binary dep: Set()
	external source: Set()
All initially invalidated sources: Set()

Copy resource mappings: 
	
Could not start the auto-reload server. This is probably because it is already running, in which case everything should still work.
[Loading] Scanning directory D:\webApp\AQM
[Loading] Found root project root w/ remaining 
deducing auto plugins based on known facts Set(Atom(play.PlayScala), Atom(sbt.plugins.CorePlugin)) and clauses Clauses(List(Clause(Atom(sbt.plugins.JvmPlugin),Set(Atom(sbt.plugins.IvyPlugin))), Clause(Atom(sbt.plugins.JUnitXmlReportPlugin),Set(Atom(sbt.plugins.JvmPlugin))), Clause(Atom(play.sbt.forkrun.PlayForkRun),Set(Atom(sbt.plugins.BackgroundRunPlugin))), Clause(Atom(play.sbt.forkrun.PlayForkRun),Set(Atom(play.Play))), Clause(Atom(play.sbt.forkrun.PlayForkRun),Set(Atom(sbt.plugins.SerializersPlugin))), Clause(Atom(play.Play),Set(Atom(com.typesafe.sbt.webdriver.SbtWebDriver))), Clause(Atom(play.Play),Set(Atom(play.twirl.sbt.SbtTwirl))), Clause(Atom(play.Play),Set(Atom(com.typesafe.sbt.jse.SbtJsTask))), Clause(Atom(play.PlayJava),Set(Atom(play.Play))), Clause(Atom(play.PlayScala),Set(Atom(play.Play))), Clause(Atom(play.twirl.sbt.SbtTwirl),Set(Atom(sbt.plugins.JvmPlugin))), Clause(Atom(com.typesafe.sbt.jse.SbtJsEngine),Set(Atom(com.typesafe.sbt.web.SbtWeb))), Clause(Atom(com.typesafe.sbt.jse.SbtJsTask),Set(Atom(com.typesafe.sbt.jse.SbtJsEngine))), Clause(Atom(com.typesafe.sbt.webdriver.SbtWebDriver),Set(Atom(com.typesafe.sbt.web.SbtWeb))), Clause(Atom(sbt.plugins.BackgroundRunPlugin),Set(Atom(sbt.plugins.JvmPlugin))), Clause(Atom(com.typesafe.sbt.coffeescript.SbtCoffeeScript),Set(Atom(com.typesafe.sbt.jse.SbtJsTask))), Clause(Atom(com.typesafe.sbt.less.SbtLess),Set(Atom(com.typesafe.sbt.jse.SbtJsTask))), Clause(Atom(com.typesafe.sbt.jshint.SbtJSHint),Set(Atom(com.typesafe.sbt.jse.SbtJsTask))), Clause(Atom(com.typesafe.sbt.rjs.SbtRjs),Set(Atom(com.typesafe.sbt.jse.SbtJsTask))), Clause(Atom(com.typesafe.sbt.digest.SbtDigest),Set(Atom(com.typesafe.sbt.web.SbtWeb))), Clause(Atom(com.typesafe.sbt.mocha.SbtMocha),Set(Atom(com.typesafe.sbt.jse.SbtJsTask))), Clause(Atom(com.jamesward.play.BrowserNotifierPlugin),Set(Atom(play.Play))), Clause(Atom(sbt.plugins.CorePlugin),Set(Atom(sbt.plugins.IvyPlugin))), Clause(Atom(sbt.plugins.IvyPlugin),Set(Atom(sbt.plugins.JvmPlugin))), Clause(Atom(sbt.plugins.JvmPlugin),Set(Atom(sbt.plugins.JUnitXmlReportPlugin))), Clause(And(Set(Atom(sbt.plugins.BackgroundRunPlugin), Atom(play.Play), Atom(sbt.plugins.SerializersPlugin))),Set(Atom(play.sbt.forkrun.PlayForkRun))), Clause(Atom(com.typesafe.sbt.web.SbtWeb),Set(Atom(com.typesafe.sbt.jse.SbtJsEngine))), Clause(Atom(com.typesafe.sbt.jse.SbtJsEngine),Set(Atom(com.typesafe.sbt.jse.SbtJsTask))), Clause(Atom(com.typesafe.sbt.web.SbtWeb),Set(Atom(com.typesafe.sbt.webdriver.SbtWebDriver))), Clause(Atom(sbt.plugins.JvmPlugin),Set(Atom(sbt.plugins.BackgroundRunPlugin))), Clause(Atom(sbt.plugins.CorePlugin),Set(Atom(sbt.plugins.InteractionServicePlugin))), Clause(Atom(sbt.plugins.CorePlugin),Set(Atom(sbt.plugins.SendEventServicePlugin))), Clause(Atom(sbt.plugins.CorePlugin),Set(Atom(sbt.plugins.SerializersPlugin))), Clause(Atom(com.typesafe.sbt.jse.SbtJsTask),Set(Atom(com.typesafe.sbt.coffeescript.SbtCoffeeScript))), Clause(Atom(com.typesafe.sbt.jse.SbtJsTask),Set(Atom(com.typesafe.sbt.less.SbtLess))), Clause(Atom(com.typesafe.sbt.jse.SbtJsTask),Set(Atom(com.typesafe.sbt.jshint.SbtJSHint))), Clause(Atom(com.typesafe.sbt.jse.SbtJsTask),Set(Atom(com.typesafe.sbt.rjs.SbtRjs))), Clause(Atom(com.typesafe.sbt.web.SbtWeb),Set(Atom(com.typesafe.sbt.digest.SbtDigest))), Clause(Atom(com.typesafe.sbt.jse.SbtJsTask),Set(Atom(com.typesafe.sbt.mocha.SbtMocha))), Clause(Atom(play.Play),Set(Atom(com.jamesward.play.BrowserNotifierPlugin)))))
  :: deduced result: Matched(sbt.plugins.CorePlugin,play.PlayScala,sbt.plugins.InteractionServicePlugin,sbt.plugins.SendEventServicePlugin,play.Play,sbt.plugins.SerializersPlugin,sbt.plugins.IvyPlugin,play.twirl.sbt.SbtTwirl,sbt.plugins.JvmPlugin,com.jamesward.play.BrowserNotifierPlugin,com.typesafe.sbt.jse.SbtJsTask,com.typesafe.sbt.webdriver.SbtWebDriver,com.typesafe.sbt.jshint.SbtJSHint,sbt.plugins.JUnitXmlReportPlugin,com.typesafe.sbt.mocha.SbtMocha,com.typesafe.sbt.less.SbtLess,com.typesafe.sbt.web.SbtWeb,com.typesafe.sbt.rjs.SbtRjs,com.typesafe.sbt.jse.SbtJsEngine,com.typesafe.sbt.coffeescript.SbtCoffeeScript,sbt.plugins.BackgroundRunPlugin,com.typesafe.sbt.digest.SbtDigest,play.sbt.forkrun.PlayForkRun)
sorting: ns: List(sbt.plugins.CorePlugin, play.PlayScala, sbt.plugins.InteractionServicePlugin, sbt.plugins.SendEventServicePlugin, play.Play, sbt.plugins.SerializersPlugin, sbt.plugins.IvyPlugin, play.twirl.sbt.SbtTwirl, sbt.plugins.JvmPlugin, com.jamesward.play.BrowserNotifierPlugin, com.typesafe.sbt.jse.SbtJsTask, com.typesafe.sbt.webdriver.SbtWebDriver, com.typesafe.sbt.jshint.SbtJSHint, sbt.plugins.JUnitXmlReportPlugin, com.typesafe.sbt.mocha.SbtMocha, com.typesafe.sbt.less.SbtLess, com.typesafe.sbt.web.SbtWeb, com.typesafe.sbt.rjs.SbtRjs, com.typesafe.sbt.jse.SbtJsEngine, com.typesafe.sbt.coffeescript.SbtCoffeeScript, sbt.plugins.BackgroundRunPlugin, com.typesafe.sbt.digest.SbtDigest, play.sbt.forkrun.PlayForkRun)
  :: sorting:: found: List(sbt.plugins.CorePlugin, com.typesafe.sbt.web.SbtWeb) not found List(play.PlayScala, sbt.plugins.InteractionServicePlugin, sbt.plugins.SendEventServicePlugin, play.Play, sbt.plugins.SerializersPlugin, sbt.plugins.IvyPlugin, play.twirl.sbt.SbtTwirl, sbt.plugins.JvmPlugin, com.jamesward.play.BrowserNotifierPlugin, com.typesafe.sbt.jse.SbtJsTask, com.typesafe.sbt.webdriver.SbtWebDriver, com.typesafe.sbt.jshint.SbtJSHint, sbt.plugins.JUnitXmlReportPlugin, com.typesafe.sbt.mocha.SbtMocha, com.typesafe.sbt.less.SbtLess, com.typesafe.sbt.rjs.SbtRjs, com.typesafe.sbt.jse.SbtJsEngine, com.typesafe.sbt.coffeescript.SbtCoffeeScript, sbt.plugins.BackgroundRunPlugin, com.typesafe.sbt.digest.SbtDigest, play.sbt.forkrun.PlayForkRun)
  :: sorting:: found: List(sbt.plugins.CorePlugin, com.typesafe.sbt.web.SbtWeb, sbt.plugins.InteractionServicePlugin, sbt.plugins.SendEventServicePlugin, sbt.plugins.SerializersPlugin, sbt.plugins.IvyPlugin, com.typesafe.sbt.webdriver.SbtWebDriver, com.typesafe.sbt.jse.SbtJsEngine, com.typesafe.sbt.digest.SbtDigest) not found List(play.PlayScala, play.Play, play.twirl.sbt.SbtTwirl, sbt.plugins.JvmPlugin, com.jamesward.play.BrowserNotifierPlugin, com.typesafe.sbt.jse.SbtJsTask, com.typesafe.sbt.jshint.SbtJSHint, sbt.plugins.JUnitXmlReportPlugin, com.typesafe.sbt.mocha.SbtMocha, com.typesafe.sbt.less.SbtLess, com.typesafe.sbt.rjs.SbtRjs, com.typesafe.sbt.coffeescript.SbtCoffeeScript, sbt.plugins.BackgroundRunPlugin, play.sbt.forkrun.PlayForkRun)
  :: sorting:: found: List(sbt.plugins.CorePlugin, com.typesafe.sbt.web.SbtWeb, sbt.plugins.InteractionServicePlugin, sbt.plugins.SendEventServicePlugin, sbt.plugins.SerializersPlugin, sbt.plugins.IvyPlugin, com.typesafe.sbt.webdriver.SbtWebDriver, com.typesafe.sbt.jse.SbtJsEngine, com.typesafe.sbt.digest.SbtDigest, sbt.plugins.JvmPlugin, com.typesafe.sbt.jse.SbtJsTask) not found List(play.PlayScala, play.Play, play.twirl.sbt.SbtTwirl, com.jamesward.play.BrowserNotifierPlugin, com.typesafe.sbt.jshint.SbtJSHint, sbt.plugins.JUnitXmlReportPlugin, com.typesafe.sbt.mocha.SbtMocha, com.typesafe.sbt.less.SbtLess, com.typesafe.sbt.rjs.SbtRjs, com.typesafe.sbt.coffeescript.SbtCoffeeScript, sbt.plugins.BackgroundRunPlugin, play.sbt.forkrun.PlayForkRun)
  :: sorting:: found: List(sbt.plugins.CorePlugin, com.typesafe.sbt.web.SbtWeb, sbt.plugins.InteractionServicePlugin, sbt.plugins.SendEventServicePlugin, sbt.plugins.SerializersPlugin, sbt.plugins.IvyPlugin, com.typesafe.sbt.webdriver.SbtWebDriver, com.typesafe.sbt.jse.SbtJsEngine, com.typesafe.sbt.digest.SbtDigest, sbt.plugins.JvmPlugin, com.typesafe.sbt.jse.SbtJsTask, play.twirl.sbt.SbtTwirl, com.typesafe.sbt.jshint.SbtJSHint, sbt.plugins.JUnitXmlReportPlugin, com.typesafe.sbt.mocha.SbtMocha, com.typesafe.sbt.less.SbtLess, com.typesafe.sbt.rjs.SbtRjs, com.typesafe.sbt.coffeescript.SbtCoffeeScript, sbt.plugins.BackgroundRunPlugin) not found List(play.PlayScala, play.Play, com.jamesward.play.BrowserNotifierPlugin, play.sbt.forkrun.PlayForkRun)
  :: sorting:: found: List(sbt.plugins.CorePlugin, com.typesafe.sbt.web.SbtWeb, sbt.plugins.InteractionServicePlugin, sbt.plugins.SendEventServicePlugin, sbt.plugins.SerializersPlugin, sbt.plugins.IvyPlugin, com.typesafe.sbt.webdriver.SbtWebDriver, com.typesafe.sbt.jse.SbtJsEngine, com.typesafe.sbt.digest.SbtDigest, sbt.plugins.JvmPlugin, com.typesafe.sbt.jse.SbtJsTask, play.twirl.sbt.SbtTwirl, com.typesafe.sbt.jshint.SbtJSHint, sbt.plugins.JUnitXmlReportPlugin, com.typesafe.sbt.mocha.SbtMocha, com.typesafe.sbt.less.SbtLess, com.typesafe.sbt.rjs.SbtRjs, com.typesafe.sbt.coffeescript.SbtCoffeeScript, sbt.plugins.BackgroundRunPlugin, play.Play) not found List(play.PlayScala, com.jamesward.play.BrowserNotifierPlugin, play.sbt.forkrun.PlayForkRun)
  :: sorting:: found: List(sbt.plugins.CorePlugin, com.typesafe.sbt.web.SbtWeb, sbt.plugins.InteractionServicePlugin, sbt.plugins.SendEventServicePlugin, sbt.plugins.SerializersPlugin, sbt.plugins.IvyPlugin, com.typesafe.sbt.webdriver.SbtWebDriver, com.typesafe.sbt.jse.SbtJsEngine, com.typesafe.sbt.digest.SbtDigest, sbt.plugins.JvmPlugin, com.typesafe.sbt.jse.SbtJsTask, play.twirl.sbt.SbtTwirl, com.typesafe.sbt.jshint.SbtJSHint, sbt.plugins.JUnitXmlReportPlugin, com.typesafe.sbt.mocha.SbtMocha, com.typesafe.sbt.less.SbtLess, com.typesafe.sbt.rjs.SbtRjs, com.typesafe.sbt.coffeescript.SbtCoffeeScript, sbt.plugins.BackgroundRunPlugin, play.Play, play.PlayScala, com.jamesward.play.BrowserNotifierPlugin, play.sbt.forkrun.PlayForkRun) not found List()
  :: sorted deduced result: List(sbt.plugins.CorePlugin, com.typesafe.sbt.web.SbtWeb, sbt.plugins.InteractionServicePlugin, sbt.plugins.SendEventServicePlugin, sbt.plugins.SerializersPlugin, sbt.plugins.IvyPlugin, com.typesafe.sbt.webdriver.SbtWebDriver, com.typesafe.sbt.jse.SbtJsEngine, com.typesafe.sbt.digest.SbtDigest, sbt.plugins.JvmPlugin, com.typesafe.sbt.jse.SbtJsTask, play.twirl.sbt.SbtTwirl, com.typesafe.sbt.jshint.SbtJSHint, sbt.plugins.JUnitXmlReportPlugin, com.typesafe.sbt.mocha.SbtMocha, com.typesafe.sbt.less.SbtLess, com.typesafe.sbt.rjs.SbtRjs, com.typesafe.sbt.coffeescript.SbtCoffeeScript, sbt.plugins.BackgroundRunPlugin, play.Play, play.PlayScala, com.jamesward.play.BrowserNotifierPlugin, play.sbt.forkrun.PlayForkRun)
[Loading] Done in D:\webApp\AQM, returning: (root)
Set current project to play-scala (in build file:/D:/webApp/AQM/)
Reapplying settings...
Set current project to play-scala (in build file:/D:/webApp/AQM/)
> iflast shell
> server-send-ready-for-request
> server-handle-next-server-request
Done executing sbt server engine, result Right(Exit(0))
Closing listening server socket
Waiting for socket thread
Waiting for request processor thread
Waiting for command engine result
Returning control to sbt launcher with result Exit(0)
Closing the 6112@karateboy-home logs at Wed Apr 15 19:57:29 GMT+08:00 2015, goodbye.
